<?xml version="1.0" encoding="UTF-8"?>
<!-- Generated by org.testng.reporters.JUnitReportReporter -->
<testsuite hostname="TU-PF4LXMCH" failures="0" tests="1" name="com.mycompany.app.AppTest" time="0.026" errors="0" timestamp="2024-09-19T14:31:52 EDT" skipped="0">
  <testcase classname="com.mycompany.app.AppTest" name="shouldAnswerWithTrue" time="0.026"/>
</testsuite> <!-- com.mycompany.app.AppTest -->
